Flutter crash report.
Please report a bug at https://github.com/flutter/flutter/issues.

## command

flutter test packages/kumoriya_resolver_anime_nexus/test/auth_smoke_test.dart \

## exception

PathAccessException: PathAccessException: Directory listing failed, path = 'C:\$Recycle.Bin\S-1-5-18\*' (OS Error: Acceso denegado, errno = 5)

```
#0      _Directory._fillWithDirectoryListing (dart:io-patch/directory_patch.dart:49:4)
#1      _Directory.listSync (dart:io/directory_impl.dart:259:5)
#2      ForwardingDirectory.listSync (package:file/src/forwarding/forwarding_directory.dart:43:12)
#3      ForwardingDirectory.listSync (package:file/src/forwarding/forwarding_directory.dart:43:12)
#4      _findTests (package:flutter_tools/src/commands/test.dart:863:8)
#5      TestCommand.verifyThenRunCommand (package:flutter_tools/src/commands/test.dart:369:32)
#6      FlutterCommand.run.<anonymous closure> (package:flutter_tools/src/runner/flutter_command.dart:1590:33)
<asynchronous suspension>
#7      AppContext.run.<anonymous closure> (package:flutter_tools/src/base/context.dart:154:19)
<asynchronous suspension>
#8      CommandRunner.runCommand (package:args/command_runner.dart:212:13)
<asynchronous suspension>
#9      FlutterCommandRunner.runCommand.<anonymous closure> (package:flutter_tools/src/runner/flutter_command_runner.dart:496:9)
<asynchronous suspension>
#10     AppContext.run.<anonymous closure> (package:flutter_tools/src/base/context.dart:154:19)
<asynchronous suspension>
#11     FlutterCommandRunner.runCommand (package:flutter_tools/src/runner/flutter_command_runner.dart:431:5)
<asynchronous suspension>
#12     FlutterCommandRunner.run.<anonymous closure> (package:flutter_tools/src/runner/flutter_command_runner.dart:307:33)
<asynchronous suspension>
#13     run.<anonymous closure>.<anonymous closure> (package:flutter_tools/runner.dart:104:11)
<asynchronous suspension>
#14     AppContext.run.<anonymous closure> (package:flutter_tools/src/base/context.dart:154:19)
<asynchronous suspension>
#15     main (package:flutter_tools/executable.dart:103:3)
<asynchronous suspension>
```

## flutter doctor

```
[33m[!][39m Flutter (Channel
    stable, 3.41.4,
    on Microsoft
    Windows [Versi¢n
    10.0.26200.8037]
    , locale es-VE)
    [368ms]
    [32m•[39m Flutter
      version 3.41.4
      on channel
      stable at
      C:\flutter
    [33m![39m Warning:
      `dart` on your
      path resolves
      to
      C:\tools\dart-
      sdk\bin\dart.e
      xe, which is
      not inside
      your current
      Flutter SDK
      checkout at
      C:\flutter.
      Consider
      adding
      C:\flutter\bin
      to the front
      of your path.
    [32m•[39m Upstream
      repository
      https://github
      .com/flutter/f
      lutter.git
    [32m•[39m Framework
      revision
      ff37bef603 (13
      days ago),
      2026-03-03
      16:03:22 -0800
    [32m•[39m Engine
      revision
      e4b8dca3f1
    [32m•[39m Dart version
      3.11.1
    [32m•[39m DevTools
      version 2.54.1
    [32m•[39m Feature flags:
      enable-web,
      enable-linux-d
      esktop,
      enable-macos-d
      esktop,
      enable-windows
      -desktop,
      enable-android
      , enable-ios,
      cli-animations
      ,
      enable-native-
      assets,
      omit-legacy-ve
      rsion-file,
      enable-lldb-de
      bugging,
      enable-uiscene
      -migration
    [32m•[39m If those were
      intentional,
      you can
      disregard the
      above
      warnings;
      however it is
      recommended to
      use "git"
      directly to
      perform update
      checks and
      upgrades.

[32m[✓][39m Windows Version (Windows 11 or
    higher, 25H2, 2009) [1.863ms]

[33m[!][39m Android toolchain - develop for Android devices (Android SDK version
    36.1.0) [9,7s]
    [32m•[39m Android SDK at C:\Users\Reny\AppData\Local\Android\Sdk
    [32m•[39m Emulator version 36.3.10.0 (build_id 14472402) (CL:N/A)
    [32m•[39m Platform android-36, build-tools 36.1.0
    [32m•[39m ANDROID_HOME = C:\Users\Reny\AppData\Local\Android\Sdk
    [32m•[39m Java binary at: C:\Program Files\Android\Android Studio\jbr\bin\java
      This is the JDK bundled with the latest Android Studio installation on
      this machine.
      To manually set the JDK path, use: `flutter config
      --jdk-dir="path/to/jdk"`.
    [32m•[39m Java version OpenJDK Runtime Environment (build
      21.0.8+-14196175-b1038.72)
    [33m![39m Some Android licenses not accepted. To resolve this, run: flutter
      doctor --android-licenses

[32m[✓][39m Chrome - develop for the web [104ms]
    [32m•[39m Chrome at C:\Program Files\Google\Chrome\Application\chrome.exe

[32m[✓][39m Visual Studio - develop Windows apps (Visual Studio Community 2026
    18.2.1) [103ms]
    [32m•[39m Visual Studio at C:\Program Files\Microsoft Visual Studio\18\Community
    [32m•[39m Visual Studio Community 2026 version 18.2.11415.280
    [32m•[39m Windows 10 SDK version 10.0.26100.0

[32m[✓][39m Connected device (3 available) [210ms]
    [32m•[39m Windows (desktop) • windows • windows-x64    • Microsoft Windows
      [Versi¢n 10.0.26200.8037]
    [32m•[39m Chrome (web)      • chrome  • web-javascript • Google Chrome
      146.0.7680.80
    [32m•[39m Edge (web)        • edge    • web-javascript • Microsoft Edge
      146.0.3856.59

[32m[✓][39m Network resources [659ms]
    [32m•[39m All expected network resources are available.

[33m![39m Doctor found issues in 2 categories.
```
