Download Debug Log — 2026-04-02T00:11:40.351474
========================================================================
[00:11:40.353] [Manager] HLS download start: dl_e0b0b40eeaa2db590e5df309d13fd84a4a1fb8bb25e40beda6fdbb185ccf29fb url=https://vcvkqwy2zrck.premilkyway.com/hls2/01/13962/tls1k13vvwu8_,l,n,.urlset/master.m3u8?t=6KElf12c1S7rkz0rYePOaumxnaosILNMzNcCdhULk30&s=1775102922&e=129600&f=69814544&srv=z13jtbat10fa85i&i=0.4&sp=500&p1=z13jtbat10fa85i&p2=z13jtbat10fa85i&asn=174 headers={Referer: https://medixiru.com/, Origin: https://medixiru.com}
[00:11:40.357] [HLS] fetchPlaylist master=https://vcvkqwy2zrck.premilkyway.com/hls2/01/13962/tls1k13vvwu8_,l,n,.urlset/master.m3u8?t=6KElf12c1S7rkz0rYePOaumxnaosILNMzNcCdhULk30&s=1775102922&e=129600&f=69814544&srv=z13jtbat10fa85i&i=0.4&sp=500&p1=z13jtbat10fa85i&p2=z13jtbat10fa85i&asn=174 headers={Referer: https://medixiru.com/, Origin: https://medixiru.com}
[00:11:41.144] [HLS] playlist response status=200 url=https://vcvkqwy2zrck.premilkyway.com/hls2/01/13962/tls1k13vvwu8_,l,n,.urlset/master.m3u8?t=6KElf12c1S7rkz0rYePOaumxnaosILNMzNcCdhULk30&s=1775102922&e=129600&f=69814544&srv=z13jtbat10fa85i&i=0.4&sp=500&p1=z13jtbat10fa85i&p2=z13jtbat10fa85i&asn=174
[00:11:41.146] [HLS] playlist raw bytes from https://vcvkqwy2zrck.premilkyway.com/hls2/01/13962/tls1k13vvwu8_,l,n,.urlset/master.m3u8?t=6KElf12c1S7rkz0rYePOaumxnaosILNMzNcCdhULk30&s=1775102922&e=129600&f=69814544&srv=z13jtbat10fa85i&i=0.4&sp=500&p1=z13jtbat10fa85i&p2=z13jtbat10fa85i&asn=174: 23 45 58 54 4d 33 55 0a 23 45 58 54 2d 58 2d 53 54 52 45 41 4d 2d 49 4e 46 3a 50 52 4f 47 52 41 4d 2d 49 44 3d 31 2c 42 41 4e 44 57 49 44 54 48 3d 33 33 37 38 39 37 2c 52 45 53 4f 4c 55 54 49 … (1135 total)
[00:11:41.148] [HLS] master playlist (1135 chars):
#EXTM3U
#EXT-X-STREAM-INF:PROGRAM-ID=1,BANDWIDTH=337897,RESOLUTION=852x480,FRAME-RATE=23.974,CODECS="avc1.64001e,mp4a.40.2"
index-f1-v1-a1.m3u8?t=6KElf12c1S7rkz0rYePOaumxnaosILNMzNcCdhULk30&s=1775102922&e=129600&f=69814544&srv=z13jtbat10fa85i&i=0.4&sp=500&p1=z13jtbat10fa85i&p2=z13jtbat10fa85i&asn=174
#EXT-X-STREAM-INF:PROGRAM-ID=1,BANDWIDTH=683657,RESOLUTION=1280x720,FRAME-RATE=23.974,CODECS="avc1.64001f,mp4a.40.2"
index-f2-v1-a1.m3u8?t=6KElf12c1S7rkz0rYePOaumxnaosILNMzNcCdhULk30&s=1775102922&e=129600&f=69814544&srv=z13jtbat10fa85i&i=0.4&sp=500&p1=z13jtbat10fa85i&p2=z13jtbat10fa85i&asn=174

#EXT-X-I-FRAME-STREAM-INF:BANDWIDTH=50244,RESOLUTION=852x480,CODECS="avc1.64001e",URI="iframes-f1-v1-a1.m3u8?t=6KElf12c1S7rkz0rYePOaumxnaosILNMzNcCdhULk30&s=1775102922&e=129600&f=69814544&srv=z13jtbat10fa85i&i=0.4&sp=500&p1=z13jtbat10fa85i&p2=z13jtbat10fa85i&asn=174"
#EXT-X-I-FRAME-STREAM-INF:BANDWIDTH=97989,RESOLUTION=1280x720,CODECS="avc1.64001f",URI="iframes-f2-v1-a1.m3u8?t=6KElf12c1S7rkz0rYePOaumxnaosILNMzNcCdhULk30&s=1775102922&e=129600&f=69814544&srv=z13jtbat10fa85i&i=0.4&sp=500&p1=z13jtbat10fa85i&p2=z13jtbat10fa85i&asn=174"

[00:11:41.153] [HLS] parsed 2 variants: [https://vcvkqwy2zrck.premilkyway.com/hls2/01/13962/tls1k13vvwu8_,l,n,.urlset/index-f2-v1-a1.m3u8?t=6KElf12c1S7rkz0rYePOaumxnaosILNMzNcCdhULk30&s=1775102922&e=129600&f=69814544&srv=z13jtbat10fa85i&i=0.4&sp=500&p1=z13jtbat10fa85i&p2=z13jtbat10fa85i&asn=174, https://vcvkqwy2zrck.premilkyway.com/hls2/01/13962/tls1k13vvwu8_,l,n,.urlset/index-f1-v1-a1.m3u8?t=6KElf12c1S7rkz0rYePOaumxnaosILNMzNcCdhULk30&s=1775102922&e=129600&f=69814544&srv=z13jtbat10fa85i&i=0.4&sp=500&p1=z13jtbat10fa85i&p2=z13jtbat10fa85i&asn=174]
[00:11:41.154] [HLS] fetching variant: https://vcvkqwy2zrck.premilkyway.com/hls2/01/13962/tls1k13vvwu8_,l,n,.urlset/index-f2-v1-a1.m3u8?t=6KElf12c1S7rkz0rYePOaumxnaosILNMzNcCdhULk30&s=1775102922&e=129600&f=69814544&srv=z13jtbat10fa85i&i=0.4&sp=500&p1=z13jtbat10fa85i&p2=z13jtbat10fa85i&asn=174
[00:11:41.467] [HLS] playlist response status=200 url=https://vcvkqwy2zrck.premilkyway.com/hls2/01/13962/tls1k13vvwu8_,l,n,.urlset/index-f2-v1-a1.m3u8?t=6KElf12c1S7rkz0rYePOaumxnaosILNMzNcCdhULk30&s=1775102922&e=129600&f=69814544&srv=z13jtbat10fa85i&i=0.4&sp=500&p1=z13jtbat10fa85i&p2=z13jtbat10fa85i&asn=174
[00:11:41.475] [HLS] playlist raw bytes from https://vcvkqwy2zrck.premilkyway.com/hls2/01/13962/tls1k13vvwu8_,l,n,.urlset/index-f2-v1-a1.m3u8?t=6KElf12c1S7rkz0rYePOaumxnaosILNMzNcCdhULk30&s=1775102922&e=129600&f=69814544&srv=z13jtbat10fa85i&i=0.4&sp=500&p1=z13jtbat10fa85i&p2=z13jtbat10fa85i&asn=174: 23 45 58 54 4d 33 55 0a 23 45 58 54 2d 58 2d 54 41 52 47 45 54 44 55 52 41 54 49 4f 4e 3a 31 30 0a 23 45 58 54 2d 58 2d 41 4c 4c 4f 57 2d 43 41 43 48 45 3a 59 45 53 0a 23 45 58 54 2d 58 2d 50 … (38510 total)
[00:11:41.476] [HLS] media playlist (38510 chars):
#EXTM3U
#EXT-X-TARGETDURATION:10
#EXT-X-ALLOW-CACHE:YES
#EXT-X-PLAYLIST-TYPE:VOD
#EXT-X-VERSION:3
#EXT-X-MEDIA-SEQUENCE:1
#EXTINF:10.010,
https://vcvkqwy2zrck.premilkyway.com/hls2/01/13962/tls1k13vvwu8_,l,n,.urlset/seg-1-f2-v1-a1.ts?t=6KElf12c1S7rkz0rYePOaumxnaosILNMzNcCdhULk30&s=1775102922&e=129600&f=69814544&srv=z13jtbat10fa85i&i=0.4&sp=500&p1=z13jtbat10fa85i&p2=z13jtbat10fa85i&asn=174
#EXTINF:10.010,
https://vcvkqwy2zrck.premilkyway.com/hls2/01/13962/tls1k13vvwu8_,l,n,.urlset/seg-2-f2-v1-a1.ts?t=6KElf12c1S7rkz0rYePOaumxnaosILNMzNcCdhULk30&s=1775102922&e=129600&f=69814544&srv=z13jtbat10fa85i&i=0.4&sp=500&p1=z13jtbat10fa85i&p2=z13jtbat10fa85i&asn=174
#EXTINF:10.010,
https://vcvkqwy2zrck.premilkyway.com/hls2/01/13962/tls1k13vvwu8_,l,n,.urlset/seg-3-f2-v1-a1.ts?t=6KElf12c1S7rkz0rYePOaumxnaosILNMzNcCdhULk30&s=1775102922&e=129600&f=69814544&srv=z13jtbat10fa85i&i=0.4&sp=500&p1=z13jtbat10fa85i&p2=z13jtbat10fa85i&asn=174
#EXTINF:10.010,
https://vcvkqwy2zrck.premilkyway.com/hls2/01/13962/tls1k13vvwu8_,l,n,.urlset/seg-4-f2-v1-a1.ts?t=6KElf12c1S7rkz0rYePOaumxnaosILNMzNcCdhULk30&s=1775102922&e=129600&f=69814544&srv=z13jtbat10fa85i&i=0.4&sp=500&p1=z13jtbat10fa85i&p2=z13jtbat10fa85i&asn=174
#EXTINF:10.010,
https://vcvkqwy2zrck.premilkyway.com/hls2/01/13962/tls1k13vvwu8_,l,n,.urlset/seg-5-f2-v1-a1.ts?t=6KElf12c1S7rkz0rYePOaumxnaosILNMzNcCdhULk30&s=1775102922&e=129600&f=69814544&srv=z13jtbat10fa85i&i=0.4&sp=500&p1=z13jtbat10fa85i&p2=z13jtbat10fa85i&asn=174
#EXTINF:10.010,
https://vcvkqwy2zrck.premilkyway.com/hls2/01/13962/tls1k13vvwu8_,l,n,.urlset/seg-6-f2-v1-a1.ts?t=6KElf12c1S7rkz0rYePOaumxnaosILNMzNcCdhULk30&s=1775102922&e=129600&f=69814544&srv=z13jtbat10fa85i&i=0.4&sp=500&p1=z13jtbat10fa85i&p2=z13jtbat10fa85i&asn=174
#EXTINF:10.010,
https://vcvkqwy2zrck.premilkyway.com/hls2/01/13962/tls1k13vvwu8_,l,n,.urlset/seg-7-f2-v1-a1.ts?t=6KElf12c1S7rkz0rYePOaumxnaosILNMzNcCdhULk30&s=1775102922&e=129600&f=69814544&srv=z13jtbat10fa85i&i=0.4&sp=500&p1=z13jtbat10fa85i&p2=z13jtbat10fa85i&asn=174
#EXTINF:10.010,
https://vcvkqwy2zrck.premilkyway.com/hls2/01/13962/tls1k13vvwu8_,l,n,.urlset/seg-8-f2-v1-a1.ts?t=6KElf12c1S7rkz0rYePOaumxnaosILNMzNcCdhULk30&s=1775102922&e=129600&f=69814544&srv=z13jtbat10fa85i&i=0.4&sp=500&p1=z13jtbat10fa85i&p2=z13jtbat10fa85i&asn=174
#EXTINF:10.010,
https://vcvkqwy2zrck.premilkyway.com/hls2/01/13962/tls1k13vvwu8_,l,n,.urlset/seg-9-f2-v1-a1.ts?t=6KElf12c1S7rkz0rYePOaumxnaosILNMzNcCdhULk30&s=1775102922&e=129600&f=69814544&srv=z13jtbat10fa85i&i=0.4&sp=500&p1=z13jtbat10fa85i&p2=z13jtbat10fa85i&asn=174
#EXTINF:10.010,
https://vcvkqwy2zrck.premilkyway.com/hls2/01/13962/tls1k13vvwu8_,l,n,.urlset/seg-10-f2-v1-a1.ts?t=6KElf12c1S7rkz0rYePOaumxnaosILNMzNcCdhULk30&s=1775102922&e=129600&f=69814544&srv=z13jtbat10fa85i&i=0.4&sp=500&p1=z13jtbat10fa85i&p2=z13jtbat10fa85i&asn=174
#EXTINF:10.010,
https://vcvkqwy2zrck.premilkyway.com/hls2/01/13962/tls1k13vvwu8_,l,n,.urlset/seg-11-f2-v1-a1.ts?t=6KElf12c1S7rkz0rYePOaumxnaosILNMzNcCdhULk30&s=1775102922&e=129600&f=69814544&srv=z13jtbat10fa85i&i=0.4&sp=500&p1=z13jtbat10fa85i&p2=z13jtbat10fa85i&asn=174
#EXTINF:10.010,
https://vcvkqwy2zrck.premilkyway.com/hls2/01/13962/tls1k13vvwu8_,l,n,.urlset/seg-12-f2-v1-a1.ts?t=6KElf12c1S7rkz0rYePOaumxnaosILNMzNcCdhULk30&s=1775102922&e=129600&f=69814544&srv=z13jtbat10fa85i&i=0.4&sp=500&p1=z13jtbat10fa85i&p2=z13jtbat10fa85i&asn=174
#EXTINF:10.010,
https://vcvkqwy2zrck.premilkyway.com/hls2/01/13962/tls1k13vvwu8_,l,n,.urlset/seg-13-f2-v1-a1.ts?t=6KElf12c1S7rkz0rYePOaumxnaosILNMzNcCdhULk30&s=1775102922&e=129600&f=69814544&srv=z13jtbat10fa85i&i=0.4&sp=500&p1=z13jtbat10fa85i&p2=z13jtbat10fa85i&asn=174
#EXTINF:10.010,
https://vcvkqwy2zrck.premilkyway.com/hls2/01/13962/tls1k13vvwu8_,l,n,.urlset/seg-14-f2-v1-a1.ts?t=6KElf12c1S7rkz0rYePOaumxnaosILNMzNcCdhULk30&s=1775102922&e=129600&f=69814544&srv=z13jtbat10fa85i&i=0.4&sp=500&p1=z13jtbat10fa85i&p2=z13jtbat10fa85i&asn=174
#EXTINF:10.010,
https://vcvkqwy2zrck.premilkyway.com/hls2/01/13962/tls1k13vvwu8_,l,n,.urlset/seg-15-f2-v1-a1.ts?t=6KElf12c1S7rkz0rYePOaumxnaosILNMzNcCdhULk30&s=1775102922&e=129600&f=69814544&srv=z13jtbat10fa85i&i=0.4&sp=500&p1=z13jtbat10fa85i&p2=z13jtbat10fa85i&asn=174
#EXTINF:10.010,
https://vcvkqwy2zrck.premilkyway.com/hls2/01/13962/tls1k13vvwu8_,l,n,.urlset/seg-16-f2-v1-a1.ts?t=6KElf12c1S7rkz0rYePOaumxnaosILNMzNcCdhULk30&s=1775102922&e=129600&f=69814544&srv=z13jtbat10fa85i&i=0.4&sp=500&p1=z13jtbat10fa85i&p2=z13jtbat10fa85i&asn=174
#EXTINF:10.010,
https://vcvkqwy2zrck.premilkyway.com/hls2/01/13962/tls1k13vvwu8_,l,n,.urlset/seg-17-f2-v1-a1.ts?t=6KElf12c1S7rkz0rYePOaumxnaosILNMzNcCdhULk30&s=1775102922&e=129600&f=69814544&srv=z13jtbat10fa85i&i=0.4&sp=500&p1=z13jtbat10fa85i&p2=z13jtbat10fa85i&asn=174
#EXTINF:10.010,
https://vcvkqwy2zrck.premilkyway.com/hls2/01/13962/tls1k13vvwu8_,l,n,.urlset/seg-18-f2-v1-a1.ts?t=6KElf12c1S7rkz0rYePOaumxnaosILNMzNcCdhULk30&s=1775102922&e=129600&f=69814544&srv=z13jtbat10fa85i&i=0.4&sp=500&p1=z13jtbat10fa85i&p2=z13jtbat10fa85i&asn=174
#EXTINF:10.010,
https://vcvkqwy2zrck.premilkyway.com/hls2/01/13962/tls1k13vvwu8_,l,n,.urlset/seg-19-f2-v1-a1.ts?t=6KElf12c1S7rkz0rYePOaumxnaosILNMzNcCdhULk30&s=1775102922&e=129600&f=69814544&srv=z13jtbat10fa85i&i=0.4&sp=500&p1=z13jtbat10fa85i&p2=z13jtbat10fa85i&asn=174
#EXTINF:10.010,
https://vcvkqwy2zrck.premilkyway.com/hls2/01/13962/tls1k13vvwu8_,l,n,.urlset/seg-20-f2-v1-a1.ts?t=6KElf12c1S7rkz0rYePOaumxnaosILNMzNcCdhULk30&s=1775102922&e=129600&f=69814544&srv=z13jtbat10fa85i&i=0.4&sp=500&p1=z13jtbat10fa85i&p2=z13jtbat10fa85i&asn=174
#EXTINF:10.010,
https://vcvkqwy2zrck.premilkyway.com/hls2/01/13962/tls1k13vvwu8_,l,n,.urlset/seg-21-f2-v1-a1.ts?t=6KElf12c1S7rkz0rYePOaumxnaosILNMzNcCdhULk30&s=1775102922&e=129600&f=69814544&srv=z13jtbat10fa85i&i=0.4&sp=500&p1=z13jtbat10fa85i&p2=z13jtbat10fa85i&asn=174
#EXTINF:10.010,
https://vcvkqwy2zrck.premilkyway.com/hls2/01/13962/tls1k13vvwu8_,l,n,.urlset/seg-22-f2-v1-a1.ts?t=6KElf12c1S7rkz0rYePOaumxnaosILNMzNcCdhULk30&s=1775102922&e=129600&f=69814544&srv=z13jtbat10fa85i&i=0.4&sp=500&p1=z13jtbat10fa85i&p2=z13jtbat10fa85i&asn=174
#EXTINF:10.010,
https://vcvkqwy2zrck.premilkyway.com/hls2/01/13962/tls1k13vvwu8_,l,n,.urlset/seg-23-f2-v1-a1.ts?t=6KElf12c1S7rkz0rYePOaumxnaosILNMzNcCdhULk30&s=1775102922&e=129600&f=69814544&srv=z13jtbat10fa85i&i=0.4&sp=500&p1=z13jtbat10fa85i&p2=z13jtbat10fa85i&asn=174
#EXTINF:10.010,
https://vcvkqwy2zrck.premilkyway.com/hls2/01/13962/tls1k13vvwu8_,l,n,.urlset/seg-24-f2-v1-a1.ts?t=6KElf12c1S7rkz0rYePOaumxnaosILNMzNcCdhULk30&s=1775102922&e=129600&f=69814544&srv=z13jtbat10fa85i&i=0.4&sp=500&p1=z13jtbat10fa85i&p2=z13jtbat10fa85i&asn=174
#EXTINF:10.010,
https://vcvkqwy2zrck.premilkyway.com/hls2/01/13962/tls1k13vvwu8_,l,n,.urlset/seg-25-f2-v1-a1.ts?t=6KElf12c1S7rkz0rYePOaumxnaosILNMzNcCdhULk30&s=1775102922&e=129600&f=69814544&srv=z13jtbat10fa85i&i=0.4&sp=500&p1=z13jtbat10fa85i&p2=z13jtbat10fa85i&asn=174
#EXTINF:10.010,
https://vcvkqwy2zrck.premilkyway.com/hls2/01/13962/tls1k13vvwu8_,l,n,.urlset/seg-26-f2-v1-a1.ts?t=6KElf12c1S7rkz0rYePOaumxnaosILNMzNcCdhULk30&s=1775102922&e=129600&f=69814544&srv=z13jtbat10fa85i&i=0.4&sp=500&p1=z13jtbat10fa85i&p2=z13jtbat10fa85i&asn=174
#EXTINF:10.010,
https://vcvkqwy2zrck.premilkyway.com/hls2/01/13962/tls1k13vvwu8_,l,n,.urlset/seg-27-f2-v1-a1.ts?t=6KElf12c1S7rkz0rYePOaumxnaosILNMzNcCdhULk30&s=1775102922&e=129600&f=69814544&srv=z13jtbat10fa85i&i=0.4&sp=500&p1=z13jtbat10fa85i&p2=z13jtbat10fa85i&asn=174
#EXTINF:10.010,
https://vcvkqwy2zrck.premilkyway.com/hls2/01/13962/tls1k13vvwu8_,l,n,.urlset/seg-28-f2-v1-a1.ts?t=6KElf12c1S7rkz0rYePOaumxnaosILNMzNcCdhULk30&s=1775102922&e=129600&f=69814544&srv=z13jtbat10fa85i&i=0.4&sp=500&p1=z13jtbat10fa85i&p2=z13jtbat10fa85i&asn=174
#EXTINF:10.010,
https://vcvkqwy2zrck.premilkyway.com/hls2/01/13962/tls1k13vvwu8_,l,n,.urlset/seg-29-f2-v1-a1.ts?t=6KElf12c1S7rkz0rYePOaumxnaosILNMzNcCdhULk30&s=1775102922&e=129600&f=69814544&srv=z13jtbat10fa85i&i=0.4&sp=500&p1=z13jtbat10fa85i&p2=z13jtbat10fa85i&asn=174
#EXTINF:10.010,
https://vcvkqwy2zrck.premilkyway.com/hls2/01/13962/tls1k13vvwu8_,l,n,.urlset/seg-30-f2-v1-a1.ts?t=6KElf12c1S7rkz0rYePOaumxnaosILNMzNcCdhULk30&s=1775102922&e=129600&f=69814544&srv=z13jtbat10fa85i&i=0.4&sp=500&p1=z13jtbat10fa85i&p2=z13jtbat10fa85i&asn=174
#EXTINF:10.010,
https://vcvkqwy2zrck.premilkyway.com/hls2/01/13962/tls1k13vvwu8_,l,n,.urlset/seg-31-f2-v1-a1.ts?t=6KElf12c1S7rkz0rYePOaumxnaosILNMzNcCdhULk30&s=1775102922&e=129600&f=69814544&srv=z13jtbat10fa85i&i=0.4&sp=500&p1=z13jtbat10fa85i&p2=z13jtbat10fa85i&asn=174
#EXTINF:10.010,
https://vcvkqwy2zrck.premilkyway.com/hls2/01/13962/tls1k13vvwu8_,l,n,.urlset/seg-32-f2-v1-a1.ts?t=6KElf12c1S7rkz0rYePOaumxnaosILNMzNcCdhULk30&s=1775102922&e=129600&f=69814544&srv=z13jtbat10fa85i&i=0.4&sp=500&p1=z13jtbat10fa85i&p2=z13jtbat10fa85i&asn=174
#EXTINF:10.010,
https://vcvkqwy2zrck.premilkyway.com/hls2/01/13962/tls1k13vvwu8_,l,n,.urlset/seg-33-f2-v1-a1.ts?t=6KElf12c1S7rkz0rYePOaumxnaosILNMzNcCdhULk30&s=1775102922&e=129600&f=69814544&srv=z13jtbat10fa85i&i=0.4&sp=500&p1=z13jtbat10fa85i&p2=z13jtbat10fa85i&asn=174
#EXTINF:10.010,
https://vcvkqwy2zrck.premilkyway.com/hls2/01/13962/tls1k13vvwu8_,l,n,.urlset/seg-34-f2-v1-a1.ts?t=6KElf12c1S7rkz0rYePOaumxnaosILNMzNcCdhULk30&s=1775102922&e=129600&f=69814544&srv=z13jtbat10fa85i&i=0.4&sp=500&p1=z13jtbat10fa85i&p2=z13jtbat10fa85i&asn=174
#EXTINF:10.010,
https://vcvkqwy2zrck.premilkyway.com/hls2/01/13962/tls1k13vvwu8_,l,n,.urlset/seg-35-f2-v1-a1.ts?t=6KElf12c1S7rkz0rYePOaumxnaosILNMzNcCdhULk30&s=1775102922&e=129600&f=69814544&srv=z13jtbat10fa85i&i=0.4&sp=500&p1=z13jtbat10fa85i&p2=z13jtbat10fa85i&asn=174
#EXTINF:10.010,
https://vcvkqwy2zrck.premilkyway.com/hls2/01/13962/tls1k13vvwu8_,l,n,.urlset/seg-36-f2-v1-a1.ts?t=6KElf12c1S7rkz0rYePOaumxnaosILNMzNcCdhULk30&s=1775102922&e=129600&f=69814544&srv=z13jtbat10fa85i&i=0.4&sp=500&p1=z13jtbat10fa85i&p2=z13jtbat10fa85i&asn=174
#EXTINF:10.010,
https://vcvkqwy2zrck.premilkyway.com/hls2/01/13962/tls1k13vvwu8_,l,n,.urlset/seg-37-f2-v1-a1.ts?t=6KElf12c1S7rkz0rYePOaumxnaosILNMzNcCdhULk30&s=1775102922&e=129600&f=69814544&srv=z13jtbat10fa85i&i=0.4&sp=500&p1=z13jtbat10fa85i&p2=z13jtbat10fa85i&asn=174
#EXTINF:10.010,
https://vcvkqwy2zrck.premilkyway.com/hls2/01/13962/tls1k13vvwu8_,l,n,.urlset/seg-38-f2-v1-a1.ts?t=6KElf12c1S7rkz0rYePOaumxnaosILNMzNcCdhULk30&s=1775102922&e=129600&f=69814544&srv=z13jtbat10fa85i&i=0.4&sp=500&p1=z13jtbat10fa85i&p2=z13jtbat10fa85i&asn=174
#EXTINF:10.010,
https://vcvkqwy2zrck.premilkyway.com/hls2/01/13962/tls1k13vvwu8_,l,n,.urlset/seg-39-f2-v1-a1.ts?t=6KElf12c1S7rkz0rYePOaumxnaosILNMzNcCdhULk30&s=1775102922&e=129600&f=69814544&srv=z13jtbat10fa85i&i=0.4&sp=500&p1=z13jtbat10fa85i&p2=z13jtbat10fa85i&asn=174
#EXTINF:10.010,
https://vcvkqwy2zrck.premilkyway.com/hls2/01/13962/tls1k13vvwu8_,l,n,.urlset/seg-40-f2-v1-a1.ts?t=6KElf12c1S7rkz0rYePOaumxnaosILNMzNcCdhULk30&s=1775102922&e=129600&f=69814544&srv=z13jtbat10fa85i&i=0.4&sp=500&p1=z13jtbat10fa85i&p2=z13jtbat10fa85i&asn=174
#EXTINF:10.010,
https://vcvkqwy2zrck.premilkyway.com/hls2/01/13962/tls1k13vvwu8_,l,n,.urlset/seg-41-f2-v1-a1.ts?t=6KElf12c1S7rkz0rYePOaumxnaosILNMzNcCdhULk30&s=1775102922&e=129600&f=69814544&srv=z13jtbat10fa85i&i=0.4&sp=500&p1=z13jtbat10fa85i&p2=z13jtbat10fa85i&asn=174
#EXTINF:10.010,
https://vcvkqwy2zrck.premilkyway.com/hls2/01/13962/tls1k13vvwu8_,l,n,.urlset/seg-42-f2-v1-a1.ts?t=6KElf12c1S7rkz0rYePOaumxnaosILNMzNcCdhULk30&s=1775102922&e=129600&f=69814544&srv=z13jtbat10fa85i&i=0.4&sp=500&p1=z13jtbat10fa85i&p2=z13jtbat10fa85i&asn=174
#EXTINF:10.010,
https://vcvkqwy2zrck.premilkyway.com/hls2/01/13962/tls1k13vvwu8_,l,n,.urlset/seg-43-f2-v1-a1.ts?t=6KElf12c1S7rkz0rYePOaumxnaosILNMzNcCdhULk30&s=1775102922&e=129600&f=69814544&srv=z13jtbat10fa85i&i=0.4&sp=500&p1=z13jtbat10fa85i&p2=z13jtbat10fa85i&asn=174
#EXTINF:10.010,
https://vcvkqwy2zrck.premilkyway.com/hls2/01/13962/tls1k13vvwu8_,l,n,.urlset/seg-44-f2-v1-a1.ts?t=6KElf12c1S7rkz0rYePOaumxnaosILNMzNcCdhULk30&s=1775102922&e=129600&f=69814544&srv=z13jtbat10fa85i&i=0.4&sp=500&p1=z13jtbat10fa85i&p2=z13jtbat10fa85i&asn=174
#EXTINF:10.010,
https://vcvkqwy2zrck.premilkyway.com/hls2/01/13962/tls1k13vvwu8_,l,n,.urlset/seg-45-f2-v1-a1.ts?t=6KElf12c1S7rkz0rYePOaumxnaosILNMzNcCdhULk30&s=1775102922&e=129600&f=69814544&srv=z13jtbat10fa85i&i=0.4&sp=500&p1=z13jtbat10fa85i&p2=z13jtbat10fa85i&asn=174
#EXTINF:10.010,
https://vcvkqwy2zrck.premilkyway.com/hls2/01/13962/tls1k13vvwu8_,l,n,.urlset/seg-46-f2-v1-a1.ts?t=6KElf12c1S7rkz0rYePOaumxnaosILNMzNcCdhULk30&s=1775102922&e=129600&f=69814544&srv=z13jtbat10fa85i&i=0.4&sp=500&p1=z13jtbat10fa85i&p2=z13jtbat10fa85i&asn=174
#EXTINF:10.010,
https://vcvkqwy2zrck.premilkyway.com/hls2/01/13962/tls1k13vvwu8_,l,n,.urlset/seg-47-f2-v1-a1.ts?t=6KElf12c1S7rkz0rYePOaumxnaosILNMzNcCdhULk30&s=1775102922&e=129600&f=69814544&srv=z13jtbat10fa85i&i=0.4&sp=500&p1=z13jtbat10fa85i&p2=z13jtbat10fa85i&asn=174
#EXTINF:10.010,
https://vcvkqwy2zrck.premilkyway.com/hls2/01/13962/tls1k13vvwu8_,l,n,.urlset/seg-48-f2-v1-a1.ts?t=6KElf12c1S7rkz0rYePOaumxnaosILNMzNcCdhULk30&s=1775102922&e=129600&f=69814544&srv=z13jtbat10fa85i&i=0.4&sp=500&p1=z13jtbat10fa85i&p2=z13jtbat10fa85i&asn=174
#EXTINF:10.010,
https://vcvkqwy2zrck.premilkyway.com/hls2/01/13962/tls1k13vvwu8_,l,n,.urlset/seg-49-f2-v1-a1.ts?t=6KElf12c1S7rkz0rYePOaumxnaosILNMzNcCdhULk30&s=1775102922&e=129600&f=69814544&srv=z13jtbat10fa85i&i=0.4&sp=500&p1=z13jtbat10fa85i&p2=z13jtbat10fa85i&asn=174
#EXTINF:10.010,
https://vcvkqwy2zrck.premilkyway.com/hls2/01/13962/tls1k13vvwu8_,l,n,.urlset/seg-50-f2-v1-a1.ts?t=6KElf12c1S7rkz0rYePOaumxnaosILNMzNcCdhULk30&s=1775102922&e=129600&f=69814544&srv=z13jtbat10fa85i&i=0.4&sp=500&p1=z13jtbat10fa85i&p2=z13jtbat10fa85i&asn=174
#EXTINF:10.010,
https://vcvkqwy2zrck.premilkyway.com/hls2/01/13962/tls1k13vvwu8_,l,n,.urlset/seg-51-f2-v1-a1.ts?t=6KElf12c1S7rkz0rYePOaumxnaosILNMzNcCdhULk30&s=1775102922&e=129600&f=69814544&srv=z13jtbat10fa85i&i=0.4&sp=500&p1=z13jtbat10fa85i&p2=z13jtbat10fa85i&asn=174
#EXTINF:10.010,
https://vcvkqwy2zrck.premilkyway.com/hls2/01/13962/tls1k13vvwu8_,l,n,.urlset/seg-52-f2-v1-a1.ts?t=6KElf12c1S7rkz0rYePOaumxnaosILNMzNcCdhULk30&s=1775102922&e=129600&f=69814544&srv=z13jtbat10fa85i&i=0.4&sp=500&p1=z13jtbat10fa85i&p2=z13jtbat10fa85i&asn=174
#EXTINF:10.010,
https://vcvkqwy2zrck.premilkyway.com/hls2/01/13962/tls1k13vvwu8_,l,n,.urlset/seg-53-f2-v1-a1.ts?t=6KElf12c1S7rkz0rYePOaumxnaosILNMzNcCdhULk30&s=1775102922&e=129600&f=69814544&srv=z13jtbat10fa85i&i=0.4&sp=500&p1=z13jtbat10fa85i&p2=z13jtbat10fa85i&asn=174
#EXTINF:10.010,
https://vcvkqwy2zrck.premilkyway.com/hls2/01/13962/tls1k13vvwu8_,l,n,.urlset/seg-54-f2-v1-a1.ts?t=6KElf12c1S7rkz0rYePOaumxnaosILNMzNcCdhULk30&s=1775102922&e=129600&f=69814544&srv=z13jtbat10fa85i&i=0.4&sp=500&p1=z13jtbat10fa85i&p2=z13jtbat10fa85i&asn=174
#EXTINF:10.010,
https://vcvkqwy2zrck.premilkyway.com/hls2/01/13962/tls1k13vvwu8_,l,n,.urlset/seg-55-f2-v1-a1.ts?t=6KElf12c1S7rkz0rYePOaumxnaosILNMzNcCdhULk30&s=1775102922&e=129600&f=69814544&srv=z13jtbat10fa85i&i=0.4&sp=500&p1=z13jtbat10fa85i&p2=z13jtbat10fa85i&asn=174
#EXTINF:10.010,
https://vcvkqwy2zrck.premilkyway.com/hls2/01/13962/tls1k13vvwu8_,l,n,.urlset/seg-56-f2-v1-a1.ts?t=6KElf12c1S7rkz0rYePOaumxnaosILNMzNcCdhULk30&s=1775102922&e=129600&f=69814544&srv=z13jtbat10fa85i&i=0.4&sp=500&p1=z13jtbat10fa85i&p2=z13jtbat10fa85i&asn=174
#EXTINF:10.010,
https://vcvkqwy2zrck.premilkyway.com/hls2/01/13962/tls1k13vvwu8_,l,n,.urlset/seg-57-f2-v1-a1.ts?t=6KElf12c1S7rkz0rYePOaumxnaosILNMzNcCdhULk30&s=1775102922&e=129600&f=69814544&srv=z13jtbat10fa85i&i=0.4&sp=500&p1=z13jtbat10fa85i&p2=z13jtbat10fa85i&asn=174
#EXTINF:10.010,
https://vcvkqwy2zrck.premilkyway.com/hls2/01/13962/tls1k13vvwu8_,l,n,.urlset/seg-58-f2-v1-a1.ts?t=6KElf12c1S7rkz0rYePOaumxnaosILNMzNcCdhULk30&s=1775102922&e=129600&f=69814544&srv=z13jtbat10fa85i&i=0.4&sp=500&p1=z13jtbat10fa85i&p2=z13jtbat10fa85i&asn=174
#EXTINF:10.010,
https://vcvkqwy2zrck.premilkyway.com/hls2/01/13962/tls1k13vvwu8_,l,n,.urlset/seg-59-f2-v1-a1.ts?t=6KElf12c1S7rkz0rYePOaumxnaosILNMzNcCdhULk30&s=1775102922&e=129600&f=69814544&srv=z13jtbat10fa85i&i=0.4&sp=500&p1=z13jtbat10fa85i&p2=z13jtbat10fa85i&asn=174
#EXTINF:10.010,
https://vcvkqwy2zrck.premilkyway.com/hls2/01/13962/tls1k13vvwu8_,l,n,.urlset/seg-60-f2-v1-a1.ts?t=6KElf12c1S7rkz0rYePOaumxnaosILNMzNcCdhULk30&s=1775102922&e=129600&f=69814544&srv=z13jtbat10fa85i&i=0.4&sp=500&p1=z13jtbat10fa85i&p2=z13jtbat10fa85i&asn=174
#EXTINF:10.010,
https://vcvkqwy2zrck.premilkyway.com/hls2/01/13962/tls1k13vvwu8_,l,n,.urlset/seg-61-f2-v1-a1.ts?t=6KElf12c1S7rkz0rYePOaumxnaosILNMzNcCdhULk30&s=1775102922&e=129600&f=69814544&srv=z13jtbat10fa85i&i=0.4&sp=500&p1=z13jtbat10fa85i&p2=z13jtbat10fa85i&asn=174
#EXTINF:10.010,
https://vcvkqwy2zrck.premilkyway.com/hls2/01/13962/tls1k13vvwu8_,l,n,.urlset/seg-62-f2-v1-a1.ts?t=6KElf12c1S7rkz0rYePOaumxnaosILNMzNcCdhULk30&s=1775102922&e=129600&f=69814544&srv=z13jtbat10fa85i&i=0.4&sp=500&p1=z13jtbat10fa85i&p2=z13jtbat10fa85i&asn=174
#EXTINF:10.010,
https://vcvkqwy2zrck.premilkyway.com/hls2/01/13962/tls1k13vvwu8_,l,n,.urlset/seg-63-f2-v1-a1.ts?t=6KElf12c1S7rkz0rYePOaumxnaosILNMzNcCdhULk30&s=1775102922&e=129600&f=69814544&srv=z13jtbat10fa85i&i=0.4&sp=500&p1=z13jtbat10fa85i&p2=z13jtbat10fa85i&asn=174
#EXTINF:10.010,
https://vcvkqwy2zrck.premilkyway.com/hls2/01/13962/tls1k13vvwu8_,l,n,.urlset/seg-64-f2-v1-a1.ts?t=6KElf12c1S7rkz0rYePOaumxnaosILNMzNcCdhULk30&s=1775102922&e=129600&f=69814544&srv=z13jtbat10fa85i&i=0.4&sp=500&p1=z13jtbat10fa85i&p2=z13jtbat10fa85i&asn=174
#EXTINF:10.010,
https://vcvkqwy2zrck.premilkyway.com/hls2/01/13962/tls1k13vvwu8_,l,n,.urlset/seg-65-f2-v1-a1.ts?t=6KElf12c1S7rkz0rYePOaumxnaosILNMzNcCdhULk30&s=1775102922&e=129600&f=69814544&srv=z13jtbat10fa85i&i=0.4&sp=500&p1=z13jtbat10fa85i&p2=z13jtbat10fa85i&asn=174
#EXTINF:10.010,
https://vcvkqwy2zrck.premilkyway.com/hls2/01/13962/tls1k13vvwu8_,l,n,.urlset/seg-66-f2-v1-a1.ts?t=6KElf12c1S7rkz0rYePOaumxnaosILNMzNcCdhULk30&s=1775102922&e=129600&f=69814544&srv=z13jtbat10fa85i&i=0.4&sp=500&p1=z13jtbat10fa85i&p2=z13jtbat10fa85i&asn=174
#EXTINF:10.010,
https://vcvkqwy2zrck.premilkyway.com/hls2/01/13962/tls1k13vvwu8_,l,n,.urlset/seg-67-f2-v1-a1.ts?t=6KElf12c1S7rkz0rYePOaumxnaosILNMzNcCdhULk30&s=1775102922&e=129600&f=69814544&srv=z13jtbat10fa85i&i=0.4&sp=500&p1=z13jtbat10fa85i&p2=z13jtbat10fa85i&asn=174
#EXTINF:10.010,
https://vcvkqwy2zrck.premilkyway.com/hls2/01/13962/tls1k13vvwu8_,l,n,.urlset/seg-68-f2-v1-a1.ts?t=6KElf12c1S7rkz0rYePOaumxnaosILNMzNcCdhULk30&s=1775102922&e=129600&f=69814544&srv=z13jtbat10fa85i&i=0.4&sp=500&p1=z13jtbat10fa85i&p2=z13jtbat10fa85i&asn=174
#EXTINF:10.010,
https://vcvkqwy2zrck.premilkyway.com/hls2/01/13962/tls1k13vvwu8_,l,n,.urlset/seg-69-f2-v1-a1.ts?t=6KElf12c1S7rkz0rYePOaumxnaosILNMzNcCdhULk30&s=1775102922&e=129600&f=69814544&srv=z13jtbat10fa85i&i=0.4&sp=500&p1=z13jtbat10fa85i&p2=z13jtbat10fa85i&asn=174
#EXTINF:10.010,
https://vcvkqwy2zrck.premilkyway.com/hls2/01/13962/tls1k13vvwu8_,l,n,.urlset/seg-70-f2-v1-a1.ts?t=6KElf12c1S7rkz0rYePOaumxnaosILNMzNcCdhULk30&s=1775102922&e=129600&f=69814544&srv=z13jtbat10fa85i&i=0.4&sp=500&p1=z13jtbat10fa85i&p2=z13jtbat10fa85i&asn=174
#EXTINF:10.010,
https://vcvkqwy2zrck.premilkyway.com/hls2/01/13962/tls1k13vvwu8_,l,n,.urlset/seg-71-f2-v1-a1.ts?t=6KElf12c1S7rkz0rYePOaumxnaosILNMzNcCdhULk30&s=1775102922&e=129600&f=69814544&srv=z13jtbat10fa85i&i=0.4&sp=500&p1=z13jtbat10fa85i&p2=z13jtbat10fa85i&asn=174
#EXTINF:10.010,
https://vcvkqwy2zrck.premilkyway.com/hls2/01/13962/tls1k13vvwu8_,l,n,.urlset/seg-72-f2-v1-a1.ts?t=6KElf12c1S7rkz0rYePOaumxnaosILNMzNcCdhULk30&s=1775102922&e=129600&f=69814544&srv=z13jtbat10fa85i&i=0.4&sp=500&p1=z13jtbat10fa85i&p2=z13jtbat10fa85i&asn=174
#EXTINF:10.010,
https://vcvkqwy2zrck.premilkyway.com/hls2/01/13962/tls1k13vvwu8_,l,n,.urlset/seg-73-f2-v1-a1.ts?t=6KElf12c1S7rkz0rYePOaumxnaosILNMzNcCdhULk30&s=1775102922&e=129600&f=69814544&srv=z13jtbat10fa85i&i=0.4&sp=500&p1=z13jtbat10fa85i&p2=z13jtbat10fa85i&asn=174
#EXTINF:10.010,
https://vcvkqwy2zrck.premilkyway.com/hls2/01/13962/tls1k13vvwu8_,l,n,.urlset/seg-74-f2-v1-a1.ts?t=6KElf12c1S7rkz0rYePOaumxnaosILNMzNcCdhULk30&s=1775102922&e=129600&f=69814544&srv=z13jtbat10fa85i&i=0.4&sp=500&p1=z13jtbat10fa85i&p2=z13jtbat10fa85i&asn=174
#EXTINF:10.010,
https://vcvkqwy2zrck.premilkyway.com/hls2/01/13962/tls1k13vvwu8_,l,n,.urlset/seg-75-f2-v1-a1.ts?t=6KElf12c1S7rkz0rYePOaumxnaosILNMzNcCdhULk30&s=1775102922&e=129600&f=69814544&srv=z13jtbat10fa85i&i=0.4&sp=500&p1=z13jtbat10fa85i&p2=z13jtbat10fa85i&asn=174
#EXTINF:10.010,
https://vcvkqwy2zrck.premilkyway.com/hls2/01/13962/tls1k13vvwu8_,l,n,.urlset/seg-76-f2-v1-a1.ts?t=6KElf12c1S7rkz0rYePOaumxnaosILNMzNcCdhULk30&s=1775102922&e=129600&f=69814544&srv=z13jtbat10fa85i&i=0.4&sp=500&p1=z13jtbat10fa85i&p2=z13jtbat10fa85i&asn=174
#EXTINF:10.010,
https://vcvkqwy2zrck.premilkyway.com/hls2/01/13962/tls1k13vvwu8_,l,n,.urlset/seg-77-f2-v1-a1.ts?t=6KElf12c1S7rkz0rYePOaumxnaosILNMzNcCdhULk30&s=1775102922&e=129600&f=69814544&srv=z13jtbat10fa85i&i=0.4&sp=500&p1=z13jtbat10fa85i&p2=z13jtbat10fa85i&asn=174
#EXTINF:10.010,
https://vcvkqwy2zrck.premilkyway.com/hls2/01/13962/tls1k13vvwu8_,l,n,.urlset/seg-78-f2-v1-a1.ts?t=6KElf12c1S7rkz0rYePOaumxnaosILNMzNcCdhULk30&s=1775102922&e=129600&f=69814544&srv=z13jtbat10fa85i&i=0.4&sp=500&p1=z13jtbat10fa85i&p2=z13jtbat10fa85i&asn=174
#EXTINF:10.010,
https://vcvkqwy2zrck.premilkyway.com/hls2/01/13962/tls1k13vvwu8_,l,n,.urlset/seg-79-f2-v1-a1.ts?t=6KElf12c1S7rkz0rYePOaumxnaosILNMzNcCdhULk30&s=1775102922&e=129600&f=69814544&srv=z13jtbat10fa85i&i=0.4&sp=500&p1=z13jtbat10fa85i&p2=z13jtbat10fa85i&asn=174
#EXTINF:10.010,
https://vcvkqwy2zrck.premilkyway.com/hls2/01/13962/tls1k13vvwu8_,l,n,.urlset/seg-80-f2-v1-a1.ts?t=6KElf12c1S7rkz0rYePOaumxnaosILNMzNcCdhULk30&s=1775102922&e=129600&f=69814544&srv=z13jtbat10fa85i&i=0.4&sp=500&p1=z13jtbat10fa85i&p2=z13jtbat10fa85i&asn=174
#EXTINF:10.010,
https://vcvkqwy2zrck.premilkyway.com/hls2/01/13962/tls1k13vvwu8_,l,n,.urlset/seg-81-f2-v1-a1.ts?t=6KElf12c1S7rkz0rYePOaumxnaosILNMzNcCdhULk30&s=1775102922&e=129600&f=69814544&srv=z13jtbat10fa85i&i=0.4&sp=500&p1=z13jtbat10fa85i&p2=z13jtbat10fa85i&asn=174
#EXTINF:10.010,
https://vcvkqwy2zrck.premilkyway.com/hls2/01/13962/tls1k13vvwu8_,l,n,.urlset/seg-82-f2-v1-a1.ts?t=6KElf12c1S7rkz0rYePOaumxnaosILNMzNcCdhULk30&s=1775102922&e=129600&f=69814544&srv=z13jtbat10fa85i&i=0.4&sp=500&p1=z13jtbat10fa85i&p2=z13jtbat10fa85i&asn=174
#EXTINF:10.010,
https://vcvkqwy2zrck.premilkyway.com/hls2/01/13962/tls1k13vvwu8_,l,n,.urlset/seg-83-f2-v1-a1.ts?t=6KElf12c1S7rkz0rYePOaumxnaosILNMzNcCdhULk30&s=1775102922&e=129600&f=69814544&srv=z13jtbat10fa85i&i=0.4&sp=500&p1=z13jtbat10fa85i&p2=z13jtbat10fa85i&asn=174
#EXTINF:10.010,
https://vcvkqwy2zrck.premilkyway.com/hls2/01/13962/tls1k13vvwu8_,l,n,.urlset/seg-84-f2-v1-a1.ts?t=6KElf12c1S7rkz0rYePOaumxnaosILNMzNcCdhULk30&s=1775102922&e=129600&f=69814544&srv=z13jtbat10fa85i&i=0.4&sp=500&p1=z13jtbat10fa85i&p2=z13jtbat10fa85i&asn=174
#EXTINF:10.010,
https://vcvkqwy2zrck.premilkyway.com/hls2/01/13962/tls1k13vvwu8_,l,n,.urlset/seg-85-f2-v1-a1.ts?t=6KElf12c1S7rkz0rYePOaumxnaosILNMzNcCdhULk30&s=1775102922&e=129600&f=69814544&srv=z13jtbat10fa85i&i=0.4&sp=500&p1=z13jtbat10fa85i&p2=z13jtbat10fa85i&asn=174
#EXTINF:10.010,
https://vcvkqwy2zrck.premilkyway.com/hls2/01/13962/tls1k13vvwu8_,l,n,.urlset/seg-86-f2-v1-a1.ts?t=6KElf12c1S7rkz0rYePOaumxnaosILNMzNcCdhULk30&s=1775102922&e=129600&f=69814544&srv=z13jtbat10fa85i&i=0.4&sp=500&p1=z13jtbat10fa85i&p2=z13jtbat10fa85i&asn=174
#EXTINF:10.010,
https://vcvkqwy2zrck.premilkyway.com/hls2/01/13962/tls1k13vvwu8_,l,n,.urlset/seg-87-f2-v1-a1.ts?t=6KElf12c1S7rkz0rYePOaumxnaosILNMzNcCdhULk30&s=1775102922&e=129600&f=69814544&srv=z13jtbat10fa85i&i=0.4&sp=500&p1=z13jtbat10fa85i&p2=z13jtbat10fa85i&asn=174
#EXTINF:10.010,
https://vcvkqwy2zrck.premilkyway.com/hls2/01/13962/tls1k13vvwu8_,l,n,.urlset/seg-88-f2-v1-a1.ts?t=6KElf12c1S7rkz0rYePOaumxnaosILNMzNcCdhULk30&s=1775102922&e=129600&f=69814544&srv=z13jtbat10fa85i&i=0.4&sp=500&p1=z13jtbat10fa85i&p2=z13jtbat10fa85i&asn=174
#EXTINF:10.010,
https://vcvkqwy2zrck.premilkyway.com/hls2/01/13962/tls1k13vvwu8_,l,n,.urlset/seg-89-f2-v1-a1.ts?t=6KElf12c1S7rkz0rYePOaumxnaosILNMzNcCdhULk30&s=1775102922&e=129600&f=69814544&srv=z13jtbat10fa85i&i=0.4&sp=500&p1=z13jtbat10fa85i&p2=z13jtbat10fa85i&asn=174
#EXTINF:10.010,
https://vcvkqwy2zrck.premilkyway.com/hls2/01/13962/tls1k13vvwu8_,l,n,.urlset/seg-90-f2-v1-a1.ts?t=6KElf12c1S7rkz0rYePOaumxnaosILNMzNcCdhULk30&s=1775102922&e=129600&f=69814544&srv=z13jtbat10fa85i&i=0.4&sp=500&p1=z13jtbat10fa85i&p2=z13jtbat10fa85i&asn=174
#EXTINF:10.010,
https://vcvkqwy2zrck.premilkyway.com/hls2/01/13962/tls1k13vvwu8_,l,n,.urlset/seg-91-f2-v1-a1.ts?t=6KElf12c1S7rkz0rYePOaumxnaosILNMzNcCdhULk30&s=1775102922&e=129600&f=69814544&srv=z13jtbat10fa85i&i=0.4&sp=500&p1=z13jtbat10fa85i&p2=z13jtbat10fa85i&asn=174
#EXTINF:10.010,
https://vcvkqwy2zrck.premilkyway.com/hls2/01/13962/tls1k13vvwu8_,l,n,.urlset/seg-92-f2-v1-a1.ts?t=6KElf12c1S7rkz0rYePOaumxnaosILNMzNcCdhULk30&s=1775102922&e=129600&f=69814544&srv=z13jtbat10fa85i&i=0.4&sp=500&p1=z13jtbat10fa85i&p2=z13jtbat10fa85i&asn=174
#EXTINF:10.010,
https://vcvkqwy2zrck.premilkyway.com/hls2/01/13962/tls1k13vvwu8_,l,n,.urlset/seg-93-f2-v1-a1.ts?t=6KElf12c1S7rkz0rYePOaumxnaosILNMzNcCdhULk30&s=1775102922&e=129600&f=69814544&srv=z13jtbat10fa85i&i=0.4&sp=500&p1=z13jtbat10fa85i&p2=z13jtbat10fa85i&asn=174
#EXTINF:10.010,
https://vcvkqwy2zrck.premilkyway.com/hls2/01/13962/tls1k13vvwu8_,l,n,.urlset/seg-94-f2-v1-a1.ts?t=6KElf12c1S7rkz0rYePOaumxnaosILNMzNcCdhULk30&s=1775102922&e=129600&f=69814544&srv=z13jtbat10fa85i&i=0.4&sp=500&p1=z13jtbat10fa85i&p2=z13jtbat10fa85i&asn=174
#EXTINF:10.010,
https://vcvkqwy2zrck.premilkyway.com/hls2/01/13962/tls1k13vvwu8_,l,n,.urlset/seg-95-f2-v1-a1.ts?t=6KElf12c1S7rkz0rYePOaumxnaosILNMzNcCdhULk30&s=1775102922&e=129600&f=69814544&srv=z13jtbat10fa85i&i=0.4&sp=500&p1=z13jtbat10fa85i&p2=z13jtbat10fa85i&asn=174
#EXTINF:10.010,
https://vcvkqwy2zrck.premilkyway.com/hls2/01/13962/tls1k13vvwu8_,l,n,.urlset/seg-96-f2-v1-a1.ts?t=6KElf12c1S7rkz0rYePOaumxnaosILNMzNcCdhULk30&s=1775102922&e=129600&f=69814544&srv=z13jtbat10fa85i&i=0.4&sp=500&p1=z13jtbat10fa85i&p2=z13jtbat10fa85i&asn=174
#EXTINF:10.010,
https://vcvkqwy2zrck.premilkyway.com/hls2/01/13962/tls1k13vvwu8_,l,n,.urlset/seg-97-f2-v1-a1.ts?t=6KElf12c1S7rkz0rYePOaumxnaosILNMzNcCdhULk30&s=1775102922&e=129600&f=69814544&srv=z13jtbat10fa85i&i=0.4&sp=500&p1=z13jtbat10fa85i&p2=z13jtbat10fa85i&asn=174
#EXTINF:10.010,
https://vcvkqwy2zrck.premilkyway.com/hls2/01/13962/tls1k13vvwu8_,l,n,.urlset/seg-98-f2-v1-a1.ts?t=6KElf12c1S7rkz0rYePOaumxnaosILNMzNcCdhULk30&s=1775102922&e=129600&f=69814544&srv=z13jtbat10fa85i&i=0.4&sp=500&p1=z13jtbat10fa85i&p2=z13jtbat10fa85i&asn=174
#EXTINF:10.010,
https://vcvkqwy2zrck.premilkyway.com/hls2/01/13962/tls1k13vvwu8_,l,n,.urlset/seg-99-f2-v1-a1.ts?t=6KElf12c1S7rkz0rYePOaumxnaosILNMzNcCdhULk30&s=1775102922&e=129600&f=69814544&srv=z13jtbat10fa85i&i=0.4&sp=500&p1=z13jtbat10fa85i&p2=z13jtbat10fa85i&asn=174
#EXTINF:10.010,
https://vcvkqwy2zrck.premilkyway.com/hls2/01/13962/tls1k13vvwu8_,l,n,.urlset/seg-100-f2-v1-a1.ts?t=6KElf12c1S7rkz0rYePOaumxnaosILNMzNcCdhULk30&s=1775102922&e=129600&f=69814544&srv=z13jtbat10fa85i&i=0.4&sp=500&p1=z13jtbat10fa85i&p2=z13jtbat10fa85i&asn=174
#EXTINF:10.010,
https://vcvkqwy2zrck.premilkyway.com/hls2/01/13962/tls1k13vvwu8_,l,n,.urlset/seg-101-f2-v1-a1.ts?t=6KElf12c1S7rkz0rYePOaumxnaosILNMzNcCdhULk30&s=1775102922&e=129600&f=69814544&srv=z13jtbat10fa85i&i=0.4&sp=500&p1=z13jtbat10fa85i&p2=z13jtbat10fa85i&asn=174
#EXTINF:10.010,
https://vcvkqwy2zrck.premilkyway.com/hls2/01/13962/tls1k13vvwu8_,l,n,.urlset/seg-102-f2-v1-a1.ts?t=6KElf12c1S7rkz0rYePOaumxnaosILNMzNcCdhULk30&s=1775102922&e=129600&f=69814544&srv=z13jtbat10fa85i&i=0.4&sp=500&p1=z13jtbat10fa85i&p2=z13jtbat10fa85i&asn=174
#EXTINF:10.010,
https://vcvkqwy2zrck.premilkyway.com/hls2/01/13962/tls1k13vvwu8_,l,n,.urlset/seg-103-f2-v1-a1.ts?t=6KElf12c1S7rkz0rYePOaumxnaosILNMzNcCdhULk30&s=1775102922&e=129600&f=69814544&srv=z13jtbat10fa85i&i=0.4&sp=500&p1=z13jtbat10fa85i&p2=z13jtbat10fa85i&asn=174
#EXTINF:10.010,
https://vcvkqwy2zrck.premilkyway.com/hls2/01/13962/tls1k13vvwu8_,l,n,.urlset/seg-104-f2-v1-a1.ts?t=6KElf12c1S7rkz0rYePOaumxnaosILNMzNcCdhULk30&s=1775102922&e=129600&f=69814544&srv=z13jtbat10fa85i&i=0.4&sp=500&p1=z13jtbat10fa85i&p2=z13jtbat10fa85i&asn=174
#EXTINF:10.010,
https://vcvkqwy2zrck.premilkyway.com/hls2/01/13962/tls1k13vvwu8_,l,n,.urlset/seg-105-f2-v1-a1.ts?t=6KElf12c1S7rkz0rYePOaumxnaosILNMzNcCdhULk30&s=1775102922&e=129600&f=69814544&srv=z13jtbat10fa85i&i=0.4&sp=500&p1=z13jtbat10fa85i&p2=z13jtbat10fa85i&asn=174
#EXTINF:10.010,
https://vcvkqwy2zrck.premilkyway.com/hls2/01/13962/tls1k13vvwu8_,l,n,.urlset/seg-106-f2-v1-a1.ts?t=6KElf12c1S7rkz0rYePOaumxnaosILNMzNcCdhULk30&s=1775102922&e=129600&f=69814544&srv=z13jtbat10fa85i&i=0.4&sp=500&p1=z13jtbat10fa85i&p2=z13jtbat10fa85i&asn=174
#EXTINF:10.010,
https://vcvkqwy2zrck.premilkyway.com/hls2/01/13962/tls1k13vvwu8_,l,n,.urlset/seg-107-f2-v1-a1.ts?t=6KElf12c1S7rkz0rYePOaumxnaosILNMzNcCdhULk30&s=1775102922&e=129600&f=69814544&srv=z13jtbat10fa85i&i=0.4&sp=500&p1=z13jtbat10fa85i&p2=z13jtbat10fa85i&asn=174
#EXTINF:10.010,
https://vcvkqwy2zrck.premilkyway.com/hls2/01/13962/tls1k13vvwu8_,l,n,.urlset/seg-108-f2-v1-a1.ts?t=6KElf12c1S7rkz0rYePOaumxnaosILNMzNcCdhULk30&s=1775102922&e=129600&f=69814544&srv=z13jtbat10fa85i&i=0.4&sp=500&p1=z13jtbat10fa85i&p2=z13jtbat10fa85i&asn=174
#EXTINF:10.010,
https://vcvkqwy2zrck.premilkyway.com/hls2/01/13962/tls1k13vvwu8_,l,n,.urlset/seg-109-f2-v1-a1.ts?t=6KElf12c1S7rkz0rYePOaumxnaosILNMzNcCdhULk30&s=1775102922&e=129600&f=69814544&srv=z13jtbat10fa85i&i=0.4&sp=500&p1=z13jtbat10fa85i&p2=z13jtbat10fa85i&asn=174
#EXTINF:10.010,
https://vcvkqwy2zrck.premilkyway.com/hls2/01/13962/tls1k13vvwu8_,l,n,.urlset/seg-110-f2-v1-a1.ts?t=6KElf12c1S7rkz0rYePOaumxnaosILNMzNcCdhULk30&s=1775102922&e=129600&f=69814544&srv=z13jtbat10fa85i&i=0.4&sp=500&p1=z13jtbat10fa85i&p2=z13jtbat10fa85i&asn=174
#EXTINF:10.010,
https://vcvkqwy2zrck.premilkyway.com/hls2/01/13962/tls1k13vvwu8_,l,n,.urlset/seg-111-f2-v1-a1.ts?t=6KElf12c1S7rkz0rYePOaumxnaosILNMzNcCdhULk30&s=1775102922&e=129600&f=69814544&srv=z13jtbat10fa85i&i=0.4&sp=500&p1=z13jtbat10fa85i&p2=z13jtbat10fa85i&asn=174
#EXTINF:10.010,
https://vcvkqwy2zrck.premilkyway.com/hls2/01/13962/tls1k13vvwu8_,l,n,.urlset/seg-112-f2-v1-a1.ts?t=6KElf12c1S7rkz0rYePOaumxnaosILNMzNcCdhULk30&s=1775102922&e=129600&f=69814544&srv=z13jtbat10fa85i&i=0.4&sp=500&p1=z13jtbat10fa85i&p2=z13jtbat10fa85i&asn=174
#EXTINF:10.010,
https://vcvkqwy2zrck.premilkyway.com/hls2/01/13962/tls1k13vvwu8_,l,n,.urlset/seg-113-f2-v1-a1.ts?t=6KElf12c1S7rkz0rYePOaumxnaosILNMzNcCdhULk30&s=1775102922&e=129600&f=69814544&srv=z13jtbat10fa85i&i=0.4&sp=500&p1=z13jtbat10fa85i&p2=z13jtbat10fa85i&asn=174
#EXTINF:10.010,
https://vcvkqwy2zrck.premilkyway.com/hls2/01/13962/tls1k13vvwu8_,l,n,.urlset/seg-114-f2-v1-a1.ts?t=6KElf12c1S7rkz0rYePOaumxnaosILNMzNcCdhULk30&s=1775102922&e=129600&f=69814544&srv=z13jtbat10fa85i&i=0.4&sp=500&p1=z13jtbat10fa85i&p2=z13jtbat10fa85i&asn=174
#EXTINF:10.010,
https://vcvkqwy2zrck.premilkyway.com/hls2/01/13962/tls1k13vvwu8_,l,n,.urlset/seg-115-f2-v1-a1.ts?t=6KElf12c1S7rkz0rYePOaumxnaosILNMzNcCdhULk30&s=1775102922&e=129600&f=69814544&srv=z13jtbat10fa85i&i=0.4&sp=500&p1=z13jtbat10fa85i&p2=z13jtbat10fa85i&asn=174
#EXTINF:10.010,
https://vcvkqwy2zrck.premilkyway.com/hls2/01/13962/tls1k13vvwu8_,l,n,.urlset/seg-116-f2-v1-a1.ts?t=6KElf12c1S7rkz0rYePOaumxnaosILNMzNcCdhULk30&s=1775102922&e=129600&f=69814544&srv=z13jtbat10fa85i&i=0.4&sp=500&p1=z13jtbat10fa85i&p2=z13jtbat10fa85i&asn=174
#EXTINF:10.010,
https://vcvkqwy2zrck.premilkyway.com/hls2/01/13962/tls1k13vvwu8_,l,n,.urlset/seg-117-f2-v1-a1.ts?t=6KElf12c1S7rkz0rYePOaumxnaosILNMzNcCdhULk30&s=1775102922&e=129600&f=69814544&srv=z13jtbat10fa85i&i=0.4&sp=500&p1=z13jtbat10fa85i&p2=z13jtbat10fa85i&asn=174
#EXTINF:10.010,
https://vcvkqwy2zrck.premilkyway.com/hls2/01/13962/tls1k13vvwu8_,l,n,.urlset/seg-118-f2-v1-a1.ts?t=6KElf12c1S7rkz0rYePOaumxnaosILNMzNcCdhULk30&s=1775102922&e=129600&f=69814544&srv=z13jtbat10fa85i&i=0.4&sp=500&p1=z13jtbat10fa85i&p2=z13jtbat10fa85i&asn=174
#EXTINF:10.010,
https://vcvkqwy2zrck.premilkyway.com/hls2/01/13962/tls1k13vvwu8_,l,n,.urlset/seg-119-f2-v1-a1.ts?t=6KElf12c1S7rkz0rYePOaumxnaosILNMzNcCdhULk30&s=1775102922&e=129600&f=69814544&srv=z13jtbat10fa85i&i=0.4&sp=500&p1=z13jtbat10fa85i&p2=z13jtbat10fa85i&asn=174
#EXTINF:10.010,
https://vcvkqwy2zrck.premilkyway.com/hls2/01/13962/tls1k13vvwu8_,l,n,.urlset/seg-120-f2-v1-a1.ts?t=6KElf12c1S7rkz0rYePOaumxnaosILNMzNcCdhULk30&s=1775102922&e=129600&f=69814544&srv=z13jtbat10fa85i&i=0.4&sp=500&p1=z13jtbat10fa85i&p2=z13jtbat10fa85i&asn=174
#EXTINF:10.010,
https://vcvkqwy2zrck.premilkyway.com/hls2/01/13962/tls1k13vvwu8_,l,n,.urlset/seg-121-f2-v1-a1.ts?t=6KElf12c1S7rkz0rYePOaumxnaosILNMzNcCdhULk30&s=1775102922&e=129600&f=69814544&srv=z13jtbat10fa85i&i=0.4&sp=500&p1=z13jtbat10fa85i&p2=z13jtbat10fa85i&asn=174
#EXTINF:10.010,
https://vcvkqwy2zrck.premilkyway.com/hls2/01/13962/tls1k13vvwu8_,l,n,.urlset/seg-122-f2-v1-a1.ts?t=6KElf12c1S7rkz0rYePOaumxnaosILNMzNcCdhULk30&s=1775102922&e=129600&f=69814544&srv=z13jtbat10fa85i&i=0.4&sp=500&p1=z13jtbat10fa85i&p2=z13jtbat10fa85i&asn=174
#EXTINF:10.010,
https://vcvkqwy2zrck.premilkyway.com/hls2/01/13962/tls1k13vvwu8_,l,n,.urlset/seg-123-f2-v1-a1.ts?t=6KElf12c1S7rkz0rYePOaumxnaosILNMzNcCdhULk30&s=1775102922&e=129600&f=69814544&srv=z13jtbat10fa85i&i=0.4&sp=500&p1=z13jtbat10fa85i&p2=z13jtbat10fa85i&asn=174
#EXTINF:10.010,
https://vcvkqwy2zrck.premilkyway.com/hls2/01/13962/tls1k13vvwu8_,l,n,.urlset/seg-124-f2-v1-a1.ts?t=6KElf12c1S7rkz0rYePOaumxnaosILNMzNcCdhULk30&s=1775102922&e=129600&f=69814544&srv=z13jtbat10fa85i&i=0.4&sp=500&p1=z13jtbat10fa85i&p2=z13jtbat10fa85i&asn=174
#EXTINF:10.010,
https://vcvkqwy2zrck.premilkyway.com/hls2/01/13962/tls1k13vvwu8_,l,n,.urlset/seg-125-f2-v1-a1.ts?t=6KElf12c1S7rkz0rYePOaumxnaosILNMzNcCdhULk30&s=1775102922&e=129600&f=69814544&srv=z13jtbat10fa85i&i=0.4&sp=500&p1=z13jtbat10fa85i&p2=z13jtbat10fa85i&asn=174
#EXTINF:10.010,
https://vcvkqwy2zrck.premilkyway.com/hls2/01/13962/tls1k13vvwu8_,l,n,.urlset/seg-126-f2-v1-a1.ts?t=6KElf12c1S7rkz0rYePOaumxnaosILNMzNcCdhULk30&s=1775102922&e=129600&f=69814544&srv=z13jtbat10fa85i&i=0.4&sp=500&p1=z13jtbat10fa85i&p2=z13jtbat10fa85i&asn=174
#EXTINF:10.010,
https://vcvkqwy2zrck.premilkyway.com/hls2/01/13962/tls1k13vvwu8_,l,n,.urlset/seg-127-f2-v1-a1.ts?t=6KElf12c1S7rkz0rYePOaumxnaosILNMzNcCdhULk30&s=1775102922&e=129600&f=69814544&srv=z13jtbat10fa85i&i=0.4&sp=500&p1=z13jtbat10fa85i&p2=z13jtbat10fa85i&asn=174
#EXTINF:10.010,
https://vcvkqwy2zrck.premilkyway.com/hls2/01/13962/tls1k13vvwu8_,l,n,.urlset/seg-128-f2-v1-a1.ts?t=6KElf12c1S7rkz0rYePOaumxnaosILNMzNcCdhULk30&s=1775102922&e=129600&f=69814544&srv=z13jtbat10fa85i&i=0.4&sp=500&p1=z13jtbat10fa85i&p2=z13jtbat10fa85i&asn=174
#EXTINF:10.010,
https://vcvkqwy2zrck.premilkyway.com/hls2/01/13962/tls1k13vvwu8_,l,n,.urlset/seg-129-f2-v1-a1.ts?t=6KElf12c1S7rkz0rYePOaumxnaosILNMzNcCdhULk30&s=1775102922&e=129600&f=69814544&srv=z13jtbat10fa85i&i=0.4&sp=500&p1=z13jtbat10fa85i&p2=z13jtbat10fa85i&asn=174
#EXTINF:10.010,
https://vcvkqwy2zrck.premilkyway.com/hls2/01/13962/tls1k13vvwu8_,l,n,.urlset/seg-130-f2-v1-a1.ts?t=6KElf12c1S7rkz0rYePOaumxnaosILNMzNcCdhULk30&s=1775102922&e=129600&f=69814544&srv=z13jtbat10fa85i&i=0.4&sp=500&p1=z13jtbat10fa85i&p2=z13jtbat10fa85i&asn=174
#EXTINF:10.010,
https://vcvkqwy2zrck.premilkyway.com/hls2/01/13962/tls1k13vvwu8_,l,n,.urlset/seg-131-f2-v1-a1.ts?t=6KElf12c1S7rkz0rYePOaumxnaosILNMzNcCdhULk30&s=1775102922&e=129600&f=69814544&srv=z13jtbat10fa85i&i=0.4&sp=500&p1=z13jtbat10fa85i&p2=z13jtbat10fa85i&asn=174
#EXTINF:10.010,
https://vcvkqwy2zrck.premilkyway.com/hls2/01/13962/tls1k13vvwu8_,l,n,.urlset/seg-132-f2-v1-a1.ts?t=6KElf12c1S7rkz0rYePOaumxnaosILNMzNcCdhULk30&s=1775102922&e=129600&f=69814544&srv=z13jtbat10fa85i&i=0.4&sp=500&p1=z13jtbat10fa85i&p2=z13jtbat10fa85i&asn=174
#EXTINF:10.010,
https://vcvkqwy2zrck.premilkyway.com/hls2/01/13962/tls1k13vvwu8_,l,n,.urlset/seg-133-f2-v1-a1.ts?t=6KElf12c1S7rkz0rYePOaumxnaosILNMzNcCdhULk30&s=1775102922&e=129600&f=69814544&srv=z13jtbat10fa85i&i=0.4&sp=500&p1=z13jtbat10fa85i&p2=z13jtbat10fa85i&asn=174
#EXTINF:10.010,
https://vcvkqwy2zrck.premilkyway.com/hls2/01/13962/tls1k13vvwu8_,l,n,.urlset/seg-134-f2-v1-a1.ts?t=6KElf12c1S7rkz0rYePOaumxnaosILNMzNcCdhULk30&s=1775102922&e=129600&f=69814544&srv=z13jtbat10fa85i&i=0.4&sp=500&p1=z13jtbat10fa85i&p2=z13jtbat10fa85i&asn=174
#EXTINF:10.010,
https://vcvkqwy2zrck.premilkyway.com/hls2/01/13962/tls1k13vvwu8_,l,n,.urlset/seg-135-f2-v1-a1.ts?t=6KElf12c1S7rkz0rYePOaumxnaosILNMzNcCdhULk30&s=1775102922&e=129600&f=69814544&srv=z13jtbat10fa85i&i=0.4&sp=500&p1=z13jtbat10fa85i&p2=z13jtbat10fa85i&asn=174
#EXTINF:10.010,
https://vcvkqwy2zrck.premilkyway.com/hls2/01/13962/tls1k13vvwu8_,l,n,.urlset/seg-136-f2-v1-a1.ts?t=6KElf12c1S7rkz0rYePOaumxnaosILNMzNcCdhULk30&s=1775102922&e=129600&f=69814544&srv=z13jtbat10fa85i&i=0.4&sp=500&p1=z13jtbat10fa85i&p2=z13jtbat10fa85i&asn=174
#EXTINF:10.010,
https://vcvkqwy2zrck.premilkyway.com/hls2/01/13962/tls1k13vvwu8_,l,n,.urlset/seg-137-f2-v1-a1.ts?t=6KElf12c1S7rkz0rYePOaumxnaosILNMzNcCdhULk30&s=1775102922&e=129600&f=69814544&srv=z13jtbat10fa85i&i=0.4&sp=500&p1=z13jtbat10fa85i&p2=z13jtbat10fa85i&asn=174
#EXTINF:10.010,
https://vcvkqwy2zrck.premilkyway.com/hls2/01/13962/tls1k13vvwu8_,l,n,.urlset/seg-138-f2-v1-a1.ts?t=6KElf12c1S7rkz0rYePOaumxnaosILNMzNcCdhULk30&s=1775102922&e=129600&f=69814544&srv=z13jtbat10fa85i&i=0.4&sp=500&p1=z13jtbat10fa85i&p2=z13jtbat10fa85i&asn=174
#EXTINF:10.010,
https://vcvkqwy2zrck.premilkyway.com/hls2/01/13962/tls1k13vvwu8_,l,n,.urlset/seg-139-f2-v1-a1.ts?t=6KElf12c1S7rkz0rYePOaumxnaosILNMzNcCdhULk30&s=1775102922&e=129600&f=69814544&srv=z13jtbat10fa85i&i=0.4&sp=500&p1=z13jtbat10fa85i&p2=z13jtbat10fa85i&asn=174
#EXTINF:10.010,
https://vcvkqwy2zrck.premilkyway.com/hls2/01/13962/tls1k13vvwu8_,l,n,.urlset/seg-140-f2-v1-a1.ts?t=6KElf12c1S7rkz0rYePOaumxnaosILNMzNcCdhULk30&s=1775102922&e=129600&f=69814544&srv=z13jtbat10fa85i&i=0.4&sp=500&p1=z13jtbat10fa85i&p2=z13jtbat10fa85i&asn=174
#EXTINF:10.010,
https://vcvkqwy2zrck.premilkyway.com/hls2/01/13962/tls1k13vvwu8_,l,n,.urlset/seg-141-f2-v1-a1.ts?t=6KElf12c1S7rkz0rYePOaumxnaosILNMzNcCdhULk30&s=1775102922&e=129600&f=69814544&srv=z13jtbat10fa85i&i=0.4&sp=500&p1=z13jtbat10fa85i&p2=z13jtbat10fa85i&asn=174
#EXTINF:8.550,
https://vcvkqwy2zrck.premilkyway.com/hls2/01/13962/tls1k13vvwu8_,l,n,.urlset/seg-142-f2-v1-a1.ts?t=6KElf12c1S7rkz0rYePOaumxnaosILNMzNcCdhULk30&s=1775102922&e=129600&f=69814544&srv=z13jtbat10fa85i&i=0.4&sp=500&p1=z13jtbat10fa85i&p2=z13jtbat10fa85i&asn=174
#EXT-X-ENDLIST

[00:12:03.692] [Manager] COMPLETE: dl_e0b0b40eeaa2db590e5df309d13fd84a4a1fb8bb25e40beda6fdbb185ccf29fb bytes=126864656 path=C:\Users\Reny\Downloads/Kumoriya\Youkoso Jitsuryoku Shijou Shugi no Kyoushitsu e 4th Season 2-nensei-hen Ichi Gakki\EP 03 - SW [auto].ts
